<?xml version="1.0" encoding="UTF-8"?>
<!-- Generated by org.testng.reporters.JUnitReportReporter -->
<testsuite skipped="0" hostname="MacBook-Pro-of-Yogesh.local" name="TestPackage.TestAmazon" tests="1" failures="0" timestamp="03 Oct 2021 09:17:52 GMT" time="8.041" errors="0">
  <testcase name="AmazonTitle" time="8.041" classname="TestPackage.TestAmazon"/>
</testsuite> <!-- TestPackage.TestAmazon -->
