<?xml version="1.0" encoding="UTF-8"?>
<!-- Generated by org.testng.reporters.JUnitReportReporter -->
<testsuite skipped="0" hostname="MacBook-Pro-of-Yogesh.local" name="TestPackage.TestGoogle" tests="2" failures="0" timestamp="03 Oct 2021 09:17:52 GMT" time="16.780" errors="0">
  <testcase name="getLinksTest" time="9.042" classname="TestPackage.TestGoogle"/>
  <testcase name="titleTest1" time="7.738" classname="TestPackage.TestGoogle"/>
</testsuite> <!-- TestPackage.TestGoogle -->
